Arguments: 
  /Users/alvarobrito/.nvm/versions/node/v16.19.1/bin/node /usr/local/bin/yarn

PATH: 
  /Users/alvarobrito/.nvm/versions/node/v16.19.1/bin:/usr/local/opt/node@14/bin:/usr/local/opt/openjdk@8/bin:/Users/alvarobrito/Downloads/dev/google-cloud-sdk/bin:/Library/Frameworks/Python.framework/Versions/3.8/bin:/Library/Frameworks/Python.framework/Versions/3.10/bin:/Library/Frameworks/Python.framework/Versions/3.7/bin:/usr/local/bin:/usr/bin:/bin:/usr/sbin:/sbin:/Library/Apple/usr/bin:/Users/alvarobrito/Library/Android/sdk/platform-tools:/Users/alvarobrito/.nvm/versions/node/v16.19.1/bin:/usr/local/opt/node@14/bin:/usr/local/opt/openjdk@8/bin:/Users/alvarobrito/Downloads/dev/google-cloud-sdk/bin:/Library/Frameworks/Python.framework/Versions/3.8/bin:/Library/Frameworks/Python.framework/Versions/3.10/bin:/Library/Frameworks/Python.framework/Versions/3.7/bin:/Users/alvarobrito/Library/Application Support/JetBrains/Toolbox/scripts:/Users/alvarobrito/Library/Application Support/JetBrains/Toolbox/scripts

Yarn version: 
  1.22.19

Node version: 
  16.19.1

Platform: 
  darwin x64

Trace: 
  SyntaxError: /Users/alvarobrito/Documents/desenvolvimento/projetos/github-workless/zap-milhas/zap-milhas-gf-scrapper-service/package.json: Unexpected token } in JSON at position 1044
      at JSON.parse (<anonymous>)
      at /usr/local/lib/node_modules/yarn/lib/cli.js:1629:59
      at Generator.next (<anonymous>)
      at step (/usr/local/lib/node_modules/yarn/lib/cli.js:310:30)
      at /usr/local/lib/node_modules/yarn/lib/cli.js:321:13

npm manifest: 
  {
    "name": "zap-milhas-gf-scrapper-service",
    "version": "1.0.0",
    "description": "Microserviço de coleta do Google Flights",
    "main": "index.js",
    "scripts": {
      "test": "jest",
      "start": "node ./index.js"
    },
    "author": "",
    "license": "ISC",
    "dependencies": {
      "async": "^3.2.4",
      "axios": "^0.21.1",
      "axios-cookiejar-support": "^1.0.1",
      "axios-middleware": "^0.3.1",
      "axios-retry": "^3.3.1",
      "cheerio": "^1.0.0-rc.10",
      "cloud-config-client": "^1.5.2",
      "cors": "^2.8.5",
      "express": "^4.17.1",
      "form-data": "^4.0.0",
      "kafkajs": "^1.15.0",
      "knex": "^0.95.11",
      "mongodb": "^4.1.1",
      "mysql": "^2.18.1",
      "parse-url": "^5.0.7",
      "postgres": "^1.0.2",
      "puppeteer": "^10.4.0",
      "puppeteer-extra": "^3.3.6",
      "puppeteer-extra-plugin-stealth": "^2.11.2",
      "puppeteer-page-proxy": "^1.3.0",
      "puppeteer-tough-cookie-store": "^1.0.7",
      "request": "^2.88.2",
      "request-promise": "^4.2.6",
      "rimraf": "^3.0.2",
      "tough-cookie-file-store": "^2.0.3",
    },
    "devDependencies": {
      "@types/express": "^4.17.13",
      "@types/node": "^16.9.6",
      "jest": "^27.1.0",
      "jest-mock-axios": "^4.4.0",
      "nodemon": "^2.0.12",
      "ts-node": "^10.2.1",
      "typescript": "^4.4.3"
    },
    "jest": {
      "testEnvironment": "node",
      "collectCoverage": true,
      "testMatch": [
        "**/__tests__/**/*.js",
        "**/*.test.js"
      ]
    }
  }

yarn manifest: 
  No manifest

Lockfile: 
  No lockfile
